<?xml version="1.0" encoding="UTF-8"?>
<testng-results ignored="0" total="1" passed="1" failed="0" skipped="0">
  <reporter-output>
  </reporter-output>
  <suite started-at="2021-08-01T20:34:56 IST" name="Suite" finished-at="2021-08-01T20:35:05 IST" duration-ms="8468">
    <groups>
    </groups>
    <test started-at="2021-08-01T20:34:56 IST" name="Test" finished-at="2021-08-01T20:35:05 IST" duration-ms="8468">
      <class name="testCases.TC_Login_001">
        <test-method is-config="true" signature="setup()[pri:0, instance:testCases.TC_Login_001@5fe8b721]" started-at="2021-08-01T20:34:56 IST" name="setup" finished-at="2021-08-01T20:35:00 IST" duration-ms="4196" status="PASS">
          <reporter-output>
          </reporter-output>
        </test-method> <!-- setup -->
        <test-method signature="loginTest()[pri:0, instance:testCases.TC_Login_001@5fe8b721]" started-at="2021-08-01T20:35:00 IST" name="loginTest" finished-at="2021-08-01T20:35:02 IST" duration-ms="1605" status="PASS">
          <reporter-output>
          </reporter-output>
        </test-method> <!-- loginTest -->
        <test-method is-config="true" signature="teardown()[pri:0, instance:testCases.TC_Login_001@5fe8b721]" started-at="2021-08-01T20:35:02 IST" name="teardown" finished-at="2021-08-01T20:35:05 IST" duration-ms="2626" status="PASS">
          <reporter-output>
          </reporter-output>
        </test-method> <!-- teardown -->
      </class> <!-- testCases.TC_Login_001 -->
    </test> <!-- Test -->
  </suite> <!-- Suite -->
</testng-results>
