<?xml version="1.0" encoding="UTF-8"?>
<testng-results ignored="0" total="1" passed="1" failed="0" skipped="0">
  <reporter-output>
  </reporter-output>
  <suite started-at="2021-08-01T16:56:39 IST" name="Default suite" finished-at="2021-08-01T16:56:47 IST" duration-ms="8046">
    <groups>
    </groups>
    <test started-at="2021-08-01T16:56:39 IST" name="Default test" finished-at="2021-08-01T16:56:47 IST" duration-ms="8046">
      <class name="testCases.TC_Login_001">
        <test-method is-config="true" signature="setup()[pri:0, instance:testCases.TC_Login_001@5ce33a58]" started-at="2021-08-01T16:56:39 IST" name="setup" finished-at="2021-08-01T16:56:43 IST" duration-ms="4072" status="PASS">
          <reporter-output>
          </reporter-output>
        </test-method> <!-- setup -->
        <test-method signature="loginTest()[pri:0, instance:testCases.TC_Login_001@5ce33a58]" started-at="2021-08-01T16:56:43 IST" name="loginTest" finished-at="2021-08-01T16:56:44 IST" duration-ms="1256" status="PASS">
          <reporter-output>
          </reporter-output>
        </test-method> <!-- loginTest -->
        <test-method is-config="true" signature="teardown()[pri:0, instance:testCases.TC_Login_001@5ce33a58]" started-at="2021-08-01T16:56:44 IST" name="teardown" finished-at="2021-08-01T16:56:47 IST" duration-ms="2680" status="PASS">
          <reporter-output>
          </reporter-output>
        </test-method> <!-- teardown -->
      </class> <!-- testCases.TC_Login_001 -->
    </test> <!-- Default test -->
  </suite> <!-- Default suite -->
</testng-results>
